2017-03-09 09:37:24 ERROR com.enn.greatframework.common.security.symmetric.AES.AESCryptFactory:63 - Cannot find any provider supporting AES/CBC/PKCS7Padding
java.security.NoSuchAlgorithmException: Cannot find any provider supporting AES/CBC/PKCS7Padding
	at javax.crypto.Cipher.getInstance(Cipher.java:524)
	at com.enn.greatframework.common.security.symmetric.AES.AESCryptFactory.getInstance(AESCryptFactory.java:52)
	at com.enn.greatframework.common.security.symmetric.AES.AESCryptFactory.main(AESCryptFactory.java:69)
2017-03-09 11:22:58 ERROR com.enn.greatframework.common.security.symmetric.AES.AESCrypt:163 - Input length must be multiple of 16 when decrypting with padded cipher
javax.crypto.IllegalBlockSizeException: Input length must be multiple of 16 when decrypting with padded cipher
	at com.sun.crypto.provider.CipherCore.doFinal(CipherCore.java:750)
	at com.sun.crypto.provider.CipherCore.doFinal(CipherCore.java:676)
	at com.sun.crypto.provider.AESCipher.engineDoFinal(AESCipher.java:313)
	at javax.crypto.Cipher.doFinal(Cipher.java:2087)
	at com.enn.greatframework.common.security.symmetric.AES.AESCrypt.decrypt(AESCrypt.java:161)
	at com.enn.greatframework.common.security.symmetric.AES.AESCrypt.decryptBase64Str(AESCrypt.java:195)
	at com.enn.greatframework.common.security.symmetric.AES.AESCryptFactory.main(AESCryptFactory.java:81)
2017-03-09 11:26:29 ERROR com.enn.greatframework.common.security.symmetric.AES.AESCrypt:163 - Input length must be multiple of 16 when decrypting with padded cipher
javax.crypto.IllegalBlockSizeException: Input length must be multiple of 16 when decrypting with padded cipher
	at com.sun.crypto.provider.CipherCore.doFinal(CipherCore.java:750)
	at com.sun.crypto.provider.CipherCore.doFinal(CipherCore.java:676)
	at com.sun.crypto.provider.AESCipher.engineDoFinal(AESCipher.java:313)
	at javax.crypto.Cipher.doFinal(Cipher.java:2087)
	at com.enn.greatframework.common.security.symmetric.AES.AESCrypt.decrypt(AESCrypt.java:161)
	at com.enn.greatframework.common.security.symmetric.AES.AESCrypt.decryptBase64Str(AESCrypt.java:191)
	at com.enn.greatframework.common.security.symmetric.AES.AESCryptFactory.main(AESCryptFactory.java:81)
2017-03-09 11:30:20 ERROR com.enn.greatframework.common.security.symmetric.AES.AESCrypt:163 - Input length must be multiple of 16 when decrypting with padded cipher
javax.crypto.IllegalBlockSizeException: Input length must be multiple of 16 when decrypting with padded cipher
	at com.sun.crypto.provider.CipherCore.doFinal(CipherCore.java:750)
	at com.sun.crypto.provider.CipherCore.doFinal(CipherCore.java:676)
	at com.sun.crypto.provider.AESCipher.engineDoFinal(AESCipher.java:313)
	at javax.crypto.Cipher.doFinal(Cipher.java:2087)
	at com.enn.greatframework.common.security.symmetric.AES.AESCrypt.decrypt(AESCrypt.java:161)
	at com.enn.greatframework.common.security.symmetric.AES.AESCrypt.decryptBase64Str(AESCrypt.java:193)
	at com.enn.greatframework.common.security.symmetric.AES.AESCryptFactory.main(AESCryptFactory.java:81)
2017-03-09 11:32:19 ERROR com.enn.greatframework.common.security.symmetric.AES.AESCrypt:163 - Input length must be multiple of 16 when decrypting with padded cipher
javax.crypto.IllegalBlockSizeException: Input length must be multiple of 16 when decrypting with padded cipher
	at com.sun.crypto.provider.CipherCore.doFinal(CipherCore.java:750)
	at com.sun.crypto.provider.CipherCore.doFinal(CipherCore.java:676)
	at com.sun.crypto.provider.AESCipher.engineDoFinal(AESCipher.java:313)
	at javax.crypto.Cipher.doFinal(Cipher.java:2087)
	at com.enn.greatframework.common.security.symmetric.AES.AESCrypt.decrypt(AESCrypt.java:161)
	at com.enn.greatframework.common.security.symmetric.AES.AESCrypt.decryptBase64Str(AESCrypt.java:193)
	at com.enn.greatframework.common.security.symmetric.AES.AESCryptFactory.main(AESCryptFactory.java:81)
2017-03-09 11:40:29 ERROR com.enn.greatframework.common.security.symmetric.AES.AESCryptFactory:67 - Cannot find any provider supporting AES/CBC/PKCS7Padding
java.security.NoSuchAlgorithmException: Cannot find any provider supporting AES/CBC/PKCS7Padding
	at javax.crypto.Cipher.getInstance(Cipher.java:524)
	at com.enn.greatframework.common.security.symmetric.AES.AESCryptFactory.getInstance(AESCryptFactory.java:57)
	at com.enn.greatframework.common.security.symmetric.AES.AESCryptFactory.main(AESCryptFactory.java:73)
2017-03-09 13:45:07 ERROR com.enn.greatframework.common.security.symmetric.AES.AESCrypt:61 - Input length not multiple of 16 bytes
javax.crypto.IllegalBlockSizeException: Input length not multiple of 16 bytes
	at com.sun.crypto.provider.CipherCore.finalNoPadding(CipherCore.java:854)
	at com.sun.crypto.provider.CipherCore.doFinal(CipherCore.java:828)
	at com.sun.crypto.provider.CipherCore.doFinal(CipherCore.java:676)
	at com.sun.crypto.provider.AESCipher.engineDoFinal(AESCipher.java:313)
	at javax.crypto.Cipher.doFinal(Cipher.java:2087)
	at com.enn.greatframework.common.security.symmetric.AES.AESCrypt.encrypt(AESCrypt.java:59)
	at com.enn.greatframework.common.security.symmetric.AES.AESCrypt.encryptHexStr(AESCrypt.java:88)
	at com.enn.greatframework.common.security.symmetric.AES.AESCryptFactory.main(AESCryptFactory.java:76)
