2017-04-01 14:41:24 ERROR com.enn.greatframework.common.security.symmetric.AES.AESCryptFactory:67 - Invalid AES key length: 13 bytes
java.security.InvalidKeyException: Invalid AES key length: 13 bytes
	at com.sun.crypto.provider.AESCipher.engineGetKeySize(AESCipher.java:372)
	at javax.crypto.Cipher.passCryptoPermCheck(Cipher.java:1052)
	at javax.crypto.Cipher.checkCryptoPerm(Cipher.java:1023)
	at javax.crypto.Cipher.implInit(Cipher.java:790)
	at javax.crypto.Cipher.chooseProvider(Cipher.java:849)
	at javax.crypto.Cipher.init(Cipher.java:1348)
	at javax.crypto.Cipher.init(Cipher.java:1282)
	at com.enn.greatframework.common.security.symmetric.AES.AESCryptFactory.getInstance(AESCryptFactory.java:58)
	at com.enn.greatframework.common.security.symmetric.AES.AESCryptFactory.main(AESCryptFactory.java:73)
2017-04-01 14:42:25 ERROR com.enn.greatframework.common.security.symmetric.AES.AESCrypt:140 - Given final block not properly padded
javax.crypto.BadPaddingException: Given final block not properly padded
	at com.sun.crypto.provider.CipherCore.doFinal(CipherCore.java:811)
	at com.sun.crypto.provider.CipherCore.doFinal(CipherCore.java:676)
	at com.sun.crypto.provider.AESCipher.engineDoFinal(AESCipher.java:313)
	at javax.crypto.Cipher.doFinal(Cipher.java:2087)
	at com.enn.greatframework.common.security.symmetric.AES.AESCrypt.decrypt(AESCrypt.java:138)
	at com.enn.greatframework.common.security.symmetric.AES.AESCrypt.decryptHexStr(AESCrypt.java:155)
	at com.enn.greatframework.common.security.symmetric.AES.AESCryptFactory.main(AESCryptFactory.java:79)
2017-04-01 15:10:04 ERROR com.enn.greatframework.common.http.sender.HttpRequestSender:142 - Server returned HTTP response code: 501 for URL: http://127.0.0.1:8180/auth/customer/getCustomerInfo?timestamp=3ixI0g&appToken=123456789012345678901234&nonce=1491030604409&signature=61ba372702df4ea6c5e067e348917285a6f00a73
java.io.IOException: Server returned HTTP response code: 501 for URL: http://127.0.0.1:8180/auth/customer/getCustomerInfo?timestamp=3ixI0g&appToken=123456789012345678901234&nonce=1491030604409&signature=61ba372702df4ea6c5e067e348917285a6f00a73
	at sun.net.www.protocol.http.HttpURLConnection.getInputStream(HttpURLConnection.java:1627)
	at com.enn.greatframework.common.http.sender.HttpRequestSender.httpSend(HttpRequestSender.java:133)
	at com.enn.greatframework.common.http.sender.HttpRequestSender.send(HttpRequestSender.java:70)
	at com.enn.greatframework.common.http.sender.GreatRequestSender.send(GreatRequestSender.java:46)
	at com.enn.greatframework.common.http.sender.GreatRequestSender.main(GreatRequestSender.java:53)
2017-04-01 15:12:44 ERROR com.enn.greatframework.common.http.sender.HttpRequestSender:142 - Server returned HTTP response code: 501 for URL: http://127.0.0.1:8180/auth/customer/getCustomerInfo?timestamp=KWWmwh&appToken=123456789012345678901234&nonce=1491030723460&signature=6a4205e24c86022c641650af9a27464e51ad5f11
java.io.IOException: Server returned HTTP response code: 501 for URL: http://127.0.0.1:8180/auth/customer/getCustomerInfo?timestamp=KWWmwh&appToken=123456789012345678901234&nonce=1491030723460&signature=6a4205e24c86022c641650af9a27464e51ad5f11
	at sun.net.www.protocol.http.HttpURLConnection.getInputStream(HttpURLConnection.java:1627)
	at com.enn.greatframework.common.http.sender.HttpRequestSender.httpSend(HttpRequestSender.java:133)
	at com.enn.greatframework.common.http.sender.HttpRequestSender.send(HttpRequestSender.java:70)
	at com.enn.greatframework.common.http.sender.GreatRequestSender.send(GreatRequestSender.java:46)
	at com.enn.greatframework.common.http.sender.GreatRequestSender.main(GreatRequestSender.java:53)
2017-04-01 15:17:19 ERROR com.enn.greatframework.common.http.sender.HttpRequestSender:142 - Connection refused: connect
java.net.ConnectException: Connection refused: connect
	at java.net.DualStackPlainSocketImpl.waitForConnect(Native Method)
	at java.net.DualStackPlainSocketImpl.socketConnect(DualStackPlainSocketImpl.java:85)
	at java.net.AbstractPlainSocketImpl.doConnect(AbstractPlainSocketImpl.java:339)
	at java.net.AbstractPlainSocketImpl.connectToAddress(AbstractPlainSocketImpl.java:200)
	at java.net.AbstractPlainSocketImpl.connect(AbstractPlainSocketImpl.java:182)
	at java.net.PlainSocketImpl.connect(PlainSocketImpl.java:172)
	at java.net.SocksSocketImpl.connect(SocksSocketImpl.java:392)
	at java.net.Socket.connect(Socket.java:579)
	at sun.net.NetworkClient.doConnect(NetworkClient.java:175)
	at sun.net.www.http.HttpClient.openServer(HttpClient.java:432)
	at sun.net.www.http.HttpClient.openServer(HttpClient.java:527)
	at sun.net.www.http.HttpClient.<init>(HttpClient.java:211)
	at sun.net.www.http.HttpClient.New(HttpClient.java:308)
	at sun.net.www.http.HttpClient.New(HttpClient.java:326)
	at sun.net.www.protocol.http.HttpURLConnection.getNewHttpClient(HttpURLConnection.java:997)
	at sun.net.www.protocol.http.HttpURLConnection.plainConnect(HttpURLConnection.java:933)
	at sun.net.www.protocol.http.HttpURLConnection.connect(HttpURLConnection.java:851)
	at sun.net.www.protocol.http.HttpURLConnection.getOutputStream(HttpURLConnection.java:1092)
	at com.enn.greatframework.common.http.sender.HttpRequestSender.httpSend(HttpRequestSender.java:127)
	at com.enn.greatframework.common.http.sender.HttpRequestSender.send(HttpRequestSender.java:70)
	at com.enn.greatframework.common.http.sender.GreatRequestSender.send(GreatRequestSender.java:46)
	at com.enn.greatframework.common.http.sender.GreatRequestSender.main(GreatRequestSender.java:53)
2017-04-01 15:17:53 ERROR com.enn.greatframework.common.http.sender.HttpRequestSender:142 - Server returned HTTP response code: 500 for URL: http://127.0.0.1:8180/auth/customer/getCustomerInfo?timestamp=1491031060436&appToken=123456789012345678901234&nonce=MCAIOI&signature=7bd45c86b67c7242520d93fae0e6c25b116f272c
java.io.IOException: Server returned HTTP response code: 500 for URL: http://127.0.0.1:8180/auth/customer/getCustomerInfo?timestamp=1491031060436&appToken=123456789012345678901234&nonce=MCAIOI&signature=7bd45c86b67c7242520d93fae0e6c25b116f272c
	at sun.net.www.protocol.http.HttpURLConnection.getInputStream(HttpURLConnection.java:1627)
	at com.enn.greatframework.common.http.sender.HttpRequestSender.httpSend(HttpRequestSender.java:133)
	at com.enn.greatframework.common.http.sender.HttpRequestSender.send(HttpRequestSender.java:70)
	at com.enn.greatframework.common.http.sender.GreatRequestSender.send(GreatRequestSender.java:46)
	at com.enn.greatframework.common.http.sender.GreatRequestSender.main(GreatRequestSender.java:53)
2017-04-01 15:19:28 ERROR com.enn.greatframework.common.http.sender.HttpRequestSender:142 - Server returned HTTP response code: 500 for URL: http://127.0.0.1:8180/auth/customer/getCustomerInfo?timestamp=1491031142779&appToken=123456789012345678901234&nonce=UsivCA&signature=b557cfbb3d58ec2f640fe7109eabcb7cbab52b80
java.io.IOException: Server returned HTTP response code: 500 for URL: http://127.0.0.1:8180/auth/customer/getCustomerInfo?timestamp=1491031142779&appToken=123456789012345678901234&nonce=UsivCA&signature=b557cfbb3d58ec2f640fe7109eabcb7cbab52b80
	at sun.net.www.protocol.http.HttpURLConnection.getInputStream(HttpURLConnection.java:1627)
	at com.enn.greatframework.common.http.sender.HttpRequestSender.httpSend(HttpRequestSender.java:133)
	at com.enn.greatframework.common.http.sender.HttpRequestSender.send(HttpRequestSender.java:70)
	at com.enn.greatframework.common.http.sender.GreatRequestSender.send(GreatRequestSender.java:46)
	at com.enn.greatframework.common.http.sender.GreatRequestSender.main(GreatRequestSender.java:53)
